<?xml version="1.0" encoding="UTF-8"?>
<!-- Generated by org.testng.reporters.JUnitReportReporter -->
<testsuite skipped="0" hostname="LAPTOP-5JBM2VF7" name="script.Demo1" tests="1" failures="0" timestamp="14 Oct 2021 03:28:15 GMT" time="10.225" errors="0">
  <testcase name="testA" time="10.225" classname="script.Demo1"/>
</testsuite> <!-- script.Demo1 -->
