<?xml version="1.0" encoding="UTF-8"?>
<!-- Generated by org.testng.reporters.JUnitReportReporter -->
<testsuite skipped="0" hostname="LAPTOP-5JBM2VF7" name="script.InvalidLogin" tests="2" failures="0" timestamp="19 Oct 2021 13:58:33 GMT" time="47.427" errors="0">
  <testcase name="testInvalidLogin" time="25.132" classname="script.InvalidLogin"/>
  <testcase name="testInvalidLogin" time="22.295" classname="script.InvalidLogin"/>
</testsuite> <!-- script.InvalidLogin -->
