<?xml version="1.0" encoding="UTF-8"?>
<!-- Generated by org.testng.reporters.JUnitReportReporter -->
<testsuite skipped="0" hostname="LAPTOP-5JBM2VF7" name="script.Demo3" tests="1" failures="0" timestamp="13 Oct 2021 03:07:33 GMT" time="0.005" errors="0">
  <testcase name="testC" time="0.005" classname="script.Demo3"/>
</testsuite> <!-- script.Demo3 -->
