<?xml version="1.0" encoding="UTF-8"?>
<!-- Generated by org.testng.reporters.JUnitReportReporter -->
<testsuite skipped="0" hostname="LAPTOP-5JBM2VF7" name="script.ValidLogin" tests="2" failures="0" timestamp="19 Oct 2021 13:58:33 GMT" time="42.033" errors="0">
  <testcase name="testValidLogin" time="24.473" classname="script.ValidLogin"/>
  <testcase name="testValidLogin" time="17.560" classname="script.ValidLogin"/>
</testsuite> <!-- script.ValidLogin -->
