<?xml version="1.0" encoding="UTF-8"?>
<!-- Generated by org.testng.reporters.JUnitReportReporter -->
<testsuite skipped="0" hostname="LAPTOP-5JBM2VF7" name="script.Demo2" tests="1" failures="0" timestamp="13 Oct 2021 03:07:33 GMT" time="0.003" errors="0">
  <testcase name="testB" time="0.003" classname="script.Demo2"/>
</testsuite> <!-- script.Demo2 -->
